Info: Starting: Create block symbol file (.bsf)
Info: qsys-generate D:\Cours\ESN_github\Lachenal_Lab3\Lachenal_Lab3\lab3_qs.qsys --block-symbol-file --output-directory=D:\Cours\ESN_github\Lachenal_Lab3\Lachenal_Lab3\lab3_qs --family="MAX 10" --part=10M50DAF484C7G
Progress: Loading Lachenal_Lab3/lab3_qs.qsys
Progress: Reading input file
Progress: Adding clk_0 [clock_source 18.1]
Progress: Parameterizing module clk_0
Progress: Adding jtag_uart_0 [altera_avalon_jtag_uart 18.1]
Progress: Parameterizing module jtag_uart_0
Progress: Adding nios2_gen2_0 [altera_nios2_gen2 18.1]
Progress: Parameterizing module nios2_gen2_0
Progress: Adding onchip_memory2_0 [altera_avalon_onchip_memory2 18.1]
Progress: Parameterizing module onchip_memory2_0
Progress: Adding opencores_i2c_0 [opencores_i2c 9.1]
Progress: Parameterizing module opencores_i2c_0
Progress: Building connections
Progress: Parameterizing connections
Progress: Validating
Progress: Done reading input file
Info: lab3_qs.jtag_uart_0: JTAG UART IP input clock need to be at least double (2x) the operating frequency of JTAG TCK on board
Info: qsys-generate succeeded.
Info: Finished: Create block symbol file (.bsf)
Info: 
Info: Starting: Create HDL design files for synthesis
Info: qsys-generate D:\Cours\ESN_github\Lachenal_Lab3\Lachenal_Lab3\lab3_qs.qsys --synthesis=VHDL --output-directory=D:\Cours\ESN_github\Lachenal_Lab3\Lachenal_Lab3\lab3_qs\synthesis --family="MAX 10" --part=10M50DAF484C7G
Progress: Loading Lachenal_Lab3/lab3_qs.qsys
Progress: Reading input file
Progress: Adding clk_0 [clock_source 18.1]
Progress: Parameterizing module clk_0
Progress: Adding jtag_uart_0 [altera_avalon_jtag_uart 18.1]
Progress: Parameterizing module jtag_uart_0
Progress: Adding nios2_gen2_0 [altera_nios2_gen2 18.1]
Progress: Parameterizing module nios2_gen2_0
Progress: Adding onchip_memory2_0 [altera_avalon_onchip_memory2 18.1]
Progress: Parameterizing module onchip_memory2_0
Progress: Adding opencores_i2c_0 [opencores_i2c 9.1]
Progress: Parameterizing module opencores_i2c_0
Progress: Building connections
Progress: Parameterizing connections
Progress: Validating
Progress: Done reading input file
Info: lab3_qs.jtag_uart_0: JTAG UART IP input clock need to be at least double (2x) the operating frequency of JTAG TCK on board
Info: lab3_qs: Generating lab3_qs "lab3_qs" for QUARTUS_SYNTH
Info: jtag_uart_0: Starting RTL generation for module 'lab3_qs_jtag_uart_0'
Info: jtag_uart_0:   Generation command is [exec D:/intelfpga_lite/18.1/quartus/bin64/perl/bin/perl.exe -I D:/intelfpga_lite/18.1/quartus/bin64/perl/lib -I D:/intelfpga_lite/18.1/quartus/sopc_builder/bin/europa -I D:/intelfpga_lite/18.1/quartus/sopc_builder/bin/perl_lib -I D:/intelfpga_lite/18.1/quartus/sopc_builder/bin -I D:/intelfpga_lite/18.1/quartus/../ip/altera/sopc_builder_ip/common -I D:/intelfpga_lite/18.1/quartus/../ip/altera/sopc_builder_ip/altera_avalon_jtag_uart -- D:/intelfpga_lite/18.1/quartus/../ip/altera/sopc_builder_ip/altera_avalon_jtag_uart/generate_rtl.pl --name=lab3_qs_jtag_uart_0 --dir=C:/Users/lache/AppData/Local/Temp/alt9739_5428619555883273722.dir/0002_jtag_uart_0_gen/ --quartus_dir=D:/intelfpga_lite/18.1/quartus --verilog --config=C:/Users/lache/AppData/Local/Temp/alt9739_5428619555883273722.dir/0002_jtag_uart_0_gen//lab3_qs_jtag_uart_0_component_configuration.pl  --do_build_sim=0  ]
Info: jtag_uart_0: Done RTL generation for module 'lab3_qs_jtag_uart_0'
Info: jtag_uart_0: "lab3_qs" instantiated altera_avalon_jtag_uart "jtag_uart_0"
Info: nios2_gen2_0: "lab3_qs" instantiated altera_nios2_gen2 "nios2_gen2_0"
Info: onchip_memory2_0: Starting RTL generation for module 'lab3_qs_onchip_memory2_0'
Info: onchip_memory2_0:   Generation command is [exec D:/intelfpga_lite/18.1/quartus/bin64/perl/bin/perl.exe -I D:/intelfpga_lite/18.1/quartus/bin64/perl/lib -I D:/intelfpga_lite/18.1/quartus/sopc_builder/bin/europa -I D:/intelfpga_lite/18.1/quartus/sopc_builder/bin/perl_lib -I D:/intelfpga_lite/18.1/quartus/sopc_builder/bin -I D:/intelfpga_lite/18.1/quartus/../ip/altera/sopc_builder_ip/common -I D:/intelfpga_lite/18.1/quartus/../ip/altera/sopc_builder_ip/altera_avalon_onchip_memory2 -- D:/intelfpga_lite/18.1/quartus/../ip/altera/sopc_builder_ip/altera_avalon_onchip_memory2/generate_rtl.pl --name=lab3_qs_onchip_memory2_0 --dir=C:/Users/lache/AppData/Local/Temp/alt9739_5428619555883273722.dir/0003_onchip_memory2_0_gen/ --quartus_dir=D:/intelfpga_lite/18.1/quartus --verilog --config=C:/Users/lache/AppData/Local/Temp/alt9739_5428619555883273722.dir/0003_onchip_memory2_0_gen//lab3_qs_onchip_memory2_0_component_configuration.pl  --do_build_sim=0  ]
Info: onchip_memory2_0: Done RTL generation for module 'lab3_qs_onchip_memory2_0'
Info: onchip_memory2_0: "lab3_qs" instantiated altera_avalon_onchip_memory2 "onchip_memory2_0"
Info: opencores_i2c_0: "lab3_qs" instantiated opencores_i2c "opencores_i2c_0"
Info: avalon_st_adapter: Inserting error_adapter: error_adapter_0
Info: avalon_st_adapter_001: Inserting error_adapter: error_adapter_0
Info: avalon_st_adapter_002: Inserting error_adapter: error_adapter_0
Info: avalon_st_adapter_003: Inserting error_adapter: error_adapter_0
Info: mm_interconnect_0: "lab3_qs" instantiated altera_mm_interconnect "mm_interconnect_0"
Info: irq_mapper: "lab3_qs" instantiated altera_irq_mapper "irq_mapper"
Info: rst_controller: "lab3_qs" instantiated altera_reset_controller "rst_controller"
Info: cpu: Starting RTL generation for module 'lab3_qs_nios2_gen2_0_cpu'
Info: cpu:   Generation command is [exec D:/intelFPGA_lite/18.1/quartus/bin64//eperlcmd.exe -I D:/intelFPGA_lite/18.1/quartus/bin64//perl/lib -I D:/intelfpga_lite/18.1/quartus/sopc_builder/bin/europa -I D:/intelfpga_lite/18.1/quartus/sopc_builder/bin/perl_lib -I D:/intelfpga_lite/18.1/quartus/sopc_builder/bin -I D:/intelfpga_lite/18.1/quartus/../ip/altera/nios2_ip/altera_nios2_gen2/cpu_lib -I D:/intelfpga_lite/18.1/quartus/../ip/altera/nios2_ip/altera_nios2_gen2/nios_lib -I D:/intelfpga_lite/18.1/quartus/../ip/altera/nios2_ip/altera_nios2_gen2 -I D:/intelfpga_lite/18.1/quartus/../ip/altera/nios2_ip/altera_nios2_gen2 -- D:/intelfpga_lite/18.1/quartus/../ip/altera/nios2_ip/altera_nios2_gen2/generate_rtl.epl --name=lab3_qs_nios2_gen2_0_cpu --dir=C:/Users/lache/AppData/Local/Temp/alt9739_5428619555883273722.dir/0007_cpu_gen/ --quartus_bindir=D:/intelFPGA_lite/18.1/quartus/bin64/ --verilog --config=C:/Users/lache/AppData/Local/Temp/alt9739_5428619555883273722.dir/0007_cpu_gen//lab3_qs_nios2_gen2_0_cpu_processor_configuration.pl  --do_build_sim=0  ]
Info: cpu: # 2024.01.17 10:53:45 (*) Starting Nios II generation
Info: cpu: # 2024.01.17 10:53:45 (*)   Checking for plaintext license.
Info: cpu: # 2024.01.17 10:53:46 (*)   Plaintext license not found.
Info: cpu: # 2024.01.17 10:53:46 (*)   No license required to generate encrypted Nios II/e.
Info: cpu: # 2024.01.17 10:53:46 (*)   Elaborating CPU configuration settings
Info: cpu: # 2024.01.17 10:53:46 (*)   Creating all objects for CPU
Info: cpu: # 2024.01.17 10:53:47 (*)   Generating RTL from CPU objects
Info: cpu: # 2024.01.17 10:53:47 (*)   Creating plain-text RTL
Info: cpu: # 2024.01.17 10:53:48 (*) Done Nios II generation
Info: cpu: Done RTL generation for module 'lab3_qs_nios2_gen2_0_cpu'
Info: cpu: "nios2_gen2_0" instantiated altera_nios2_gen2_unit "cpu"
Info: nios2_gen2_0_data_master_translator: "mm_interconnect_0" instantiated altera_merlin_master_translator "nios2_gen2_0_data_master_translator"
Info: jtag_uart_0_avalon_jtag_slave_translator: "mm_interconnect_0" instantiated altera_merlin_slave_translator "jtag_uart_0_avalon_jtag_slave_translator"
Info: nios2_gen2_0_data_master_agent: "mm_interconnect_0" instantiated altera_merlin_master_agent "nios2_gen2_0_data_master_agent"
Info: jtag_uart_0_avalon_jtag_slave_agent: "mm_interconnect_0" instantiated altera_merlin_slave_agent "jtag_uart_0_avalon_jtag_slave_agent"
Info: jtag_uart_0_avalon_jtag_slave_agent_rsp_fifo: "mm_interconnect_0" instantiated altera_avalon_sc_fifo "jtag_uart_0_avalon_jtag_slave_agent_rsp_fifo"
Info: router: "mm_interconnect_0" instantiated altera_merlin_router "router"
Info: router_001: "mm_interconnect_0" instantiated altera_merlin_router "router_001"
Info: router_002: "mm_interconnect_0" instantiated altera_merlin_router "router_002"
Info: router_004: "mm_interconnect_0" instantiated altera_merlin_router "router_004"
Info: cmd_demux: "mm_interconnect_0" instantiated altera_merlin_demultiplexer "cmd_demux"
Info: cmd_demux_001: "mm_interconnect_0" instantiated altera_merlin_demultiplexer "cmd_demux_001"
Info: cmd_mux: "mm_interconnect_0" instantiated altera_merlin_multiplexer "cmd_mux"
Info: cmd_mux_002: "mm_interconnect_0" instantiated altera_merlin_multiplexer "cmd_mux_002"
Info: Reusing file D:/Cours/ESN_github/Lachenal_Lab3/Lachenal_Lab3/lab3_qs/synthesis/submodules/altera_merlin_arbitrator.sv
Info: rsp_demux: "mm_interconnect_0" instantiated altera_merlin_demultiplexer "rsp_demux"
Info: rsp_mux: "mm_interconnect_0" instantiated altera_merlin_multiplexer "rsp_mux"
Info: Reusing file D:/Cours/ESN_github/Lachenal_Lab3/Lachenal_Lab3/lab3_qs/synthesis/submodules/altera_merlin_arbitrator.sv
Info: rsp_mux_001: "mm_interconnect_0" instantiated altera_merlin_multiplexer "rsp_mux_001"
Info: Reusing file D:/Cours/ESN_github/Lachenal_Lab3/Lachenal_Lab3/lab3_qs/synthesis/submodules/altera_merlin_arbitrator.sv
Info: avalon_st_adapter: "mm_interconnect_0" instantiated altera_avalon_st_adapter "avalon_st_adapter"
Info: error_adapter_0: "avalon_st_adapter" instantiated error_adapter "error_adapter_0"
Info: lab3_qs: Done "lab3_qs" with 27 modules, 46 files
Info: qsys-generate succeeded.
Info: Finished: Create HDL design files for synthesis
